<?xml version="1.0" encoding="UTF-8"?>
<!-- Generated by org.testng.reporters.JUnitReportReporter -->
<testsuite hostname="BLR1-LHP-N80971" failures="0" tests="4" name="com.Practice12.DemoWebShop1" time="11.684" errors="0" timestamp="2023-07-11T14:37:41 IST" skipped="0">
  <testcase classname="com.Practice12.DemoWebShop1" name="addToCart" time="4.463"/>
  <testcase classname="com.Practice12.DemoWebShop1" name="checkOut" time="3.882"/>
  <testcase classname="com.Practice12.DemoWebShop1" name="login" time="1.749"/>
  <testcase classname="com.Practice12.DemoWebShop1" name="product" time="1.590"/>
</testsuite> <!-- com.Practice12.DemoWebShop1 -->
