<?xml version="1.0" encoding="UTF-8"?>
<!-- Generated by org.testng.reporters.JUnitReportReporter -->
<testsuite hostname="BLR1-LHP-N80971" failures="0" tests="2" name="com.Practice12.OrangeHrmLocation" time="11.073" errors="0" timestamp="2023-07-11T14:37:41 IST" skipped="0">
  <testcase classname="com.Practice12.OrangeHrmLocation" name="Login" time="1.969"/>
  <testcase classname="com.Practice12.OrangeHrmLocation" name="AddLocation" time="9.104"/>
</testsuite> <!-- com.Practice12.OrangeHrmLocation -->
